Experiment: 100x100x100x100 128 Ax ranks wbp
Mean All Gather: 0.001192 | Mean Computation: 0.003023 | Mean Reduce Scatter: 0.000098
Mean All Gather: 0.000111 | Mean Computation: 0.002138 | Mean Reduce Scatter: 0.000257
Experiment: 100x100x100x100 128 ATx ranks wbp
Mean All Gather: 0.000042 | Mean Computation: 0.003013 | Mean Reduce Scatter: 0.000800
Mean All Gather: 0.000063 | Mean Computation: 0.002295 | Mean Reduce Scatter: 0.000470
Experiment: 100x100x100x100 128 Ax ranks rrp
Mean All Gather: 0.000498 | Mean Computation: 0.001403
Mean All Gather: 0.000085 | Mean Computation: 0.001740 | Mean Reduce Scatter: 0.000320
Experiment: 100x100x100x100 128 ATx ranks rrp
Mean Computation: 0.001332 | Mean Reduce Scatter: 0.000325
Mean All Gather: 0.000385 | Mean Computation: 0.002011 | Mean Reduce Scatter: 0.000348
Experiment: 100x100x100x100 128 Ax ranks bcp
Mean All Gather: 0.000493 | Mean Computation: 0.001410
Mean All Gather: 0.000859 | Mean Computation: 0.001469 | Mean Reduce Scatter: 0.000112
Experiment: 100x100x100x100 128 ATx ranks bcp
Mean Computation: 0.001353 | Mean Reduce Scatter: 0.000327
Mean All Gather: 0.000247 | Mean Computation: 0.001655 | Mean Reduce Scatter: 0.000931
Experiment: 475x475x475x475 128 Ax ranks wbp
Mean All Gather: 0.004574 | Mean Computation: 1.330615
Mean All Gather: 0.000574 | Mean Computation: 1.313248 | Mean Reduce Scatter: 0.026948
Experiment: 475x475x475x475 128 ATx ranks wbp
Mean Computation: 1.313620 | Mean Reduce Scatter: 0.032565
Mean All Gather: 0.000492 | Mean Computation: 1.308592 | Mean Reduce Scatter: 0.030395
Experiment: 475x475x475x475 128 Ax ranks rrp
Mean All Gather: 0.003845 | Mean Computation: 1.316245
Mean All Gather: 0.000582 | Mean Computation: 1.313576 | Mean Reduce Scatter: 0.027348
Experiment: 475x475x475x475 128 ATx ranks rrp
Mean Computation: 1.311866 | Mean Reduce Scatter: 0.031611
Mean All Gather: 0.000507 | Mean Computation: 1.308025 | Mean Reduce Scatter: 0.030680
Experiment: 475x475x475x475 128 Ax ranks bcp
Mean All Gather: 0.003834 | Mean Computation: 1.316576
Mean All Gather: 0.004712 | Mean Computation: 1.328780
Experiment: 475x475x475x475 128 ATx ranks bcp
Mean Computation: 1.310721 | Mean Reduce Scatter: 0.031534
Mean Computation: 1.314783 | Mean Reduce Scatter: 0.029911
Experiment: 200x200x1000x1000 128 Ax ranks wbp
Mean All Gather: 0.027297 | Mean Computation: 0.951240
Mean All Gather: 0.002472 | Mean Computation: 1.022569 | Mean Reduce Scatter: 0.012981
Experiment: 200x200x1000x1000 128 ATx ranks wbp
Mean Computation: 0.966989 | Mean Reduce Scatter: 0.033298
Mean All Gather: 0.000377 | Mean Computation: 1.017588 | Mean Reduce Scatter: 0.038656
Experiment: 200x200x1000x1000 128 Ax ranks rrp
Mean All Gather: 0.019113 | Mean Computation: 0.937491
Mean All Gather: 0.002630 | Mean Computation: 1.023179 | Mean Reduce Scatter: 0.014368
Experiment: 200x200x1000x1000 128 ATx ranks rrp
Mean Computation: 0.960003 | Mean Reduce Scatter: 0.032227
Mean All Gather: 0.000429 | Mean Computation: 1.016882 | Mean Reduce Scatter: 0.041132
Experiment: 200x200x1000x1000 128 Ax ranks bcp
Mean All Gather: 0.019343 | Mean Computation: 0.937626
Mean All Gather: 0.025253 | Mean Computation: 0.951360
Experiment: 200x200x1000x1000 128 ATx ranks bcp
Mean Computation: 0.962341 | Mean Reduce Scatter: 0.039685
Mean Computation: 0.968524 | Mean Reduce Scatter: 0.032692
Experiment: 1000x1000x200x200 128 Ax ranks wbp
Mean All Gather: 0.001692 | Mean Computation: 1.049880
Mean All Gather: 0.000182 | Mean Computation: 1.048572 | Mean Reduce Scatter: 0.018510
Experiment: 1000x1000x200x200 128 ATx ranks wbp
Mean Computation: 1.036945 | Mean Reduce Scatter: 0.023902
Mean All Gather: 0.001429 | Mean Computation: 1.044002 | Mean Reduce Scatter: 0.021941
Experiment: 1000x1000x200x200 128 Ax ranks rrp
Mean All Gather: 0.001200 | Mean Computation: 1.038968
Mean All Gather: 0.000189 | Mean Computation: 1.048865 | Mean Reduce Scatter: 0.019550
Experiment: 1000x1000x200x200 128 ATx ranks rrp
Mean Computation: 1.036208 | Mean Reduce Scatter: 0.023741
Mean All Gather: 0.001323 | Mean Computation: 1.043700 | Mean Reduce Scatter: 0.022365
Experiment: 1000x1000x200x200 128 Ax ranks bcp
Mean All Gather: 0.001192 | Mean Computation: 1.039701
Mean All Gather: 0.001452 | Mean Computation: 1.050056
Experiment: 1000x1000x200x200 128 ATx ranks bcp
Mean Computation: 1.036188 | Mean Reduce Scatter: 0.023900
Mean Computation: 1.037381 | Mean Reduce Scatter: 0.023730
