Experiment: 100x100x100x100 256 Ax ranks wbp
Mean All Gather: 0.000429 | Mean Computation: 0.000625 | Mean Reduce Scatter: 0.000137
Mean All Gather: 0.000047 | Mean Computation: 0.000475 | Mean Reduce Scatter: 0.000265
Experiment: 100x100x100x100 256 ATx ranks wbp
Mean All Gather: 0.000076 | Mean Computation: 0.000652 | Mean Reduce Scatter: 0.000512
Mean All Gather: 0.000145 | Mean Computation: 0.000476 | Mean Reduce Scatter: 0.000120
Experiment: 100x100x100x100 256 Ax ranks rrp
Mean All Gather: 0.000625 | Mean Computation: 0.000643
Mean All Gather: 0.000055 | Mean Computation: 0.000533 | Mean Reduce Scatter: 0.000241
Experiment: 100x100x100x100 256 ATx ranks rrp
Mean Computation: 0.000708 | Mean Reduce Scatter: 0.000825
Mean All Gather: 0.000296 | Mean Computation: 0.000518 | Mean Reduce Scatter: 0.000126
Experiment: 100x100x100x100 256 Ax ranks bcp
Mean All Gather: 0.000622 | Mean Computation: 0.000572
Mean All Gather: 0.000379 | Mean Computation: 0.000556 | Mean Reduce Scatter: 0.000141
Experiment: 100x100x100x100 256 ATx ranks bcp
Mean Computation: 0.000685 | Mean Reduce Scatter: 0.000834
Mean All Gather: 0.000102 | Mean Computation: 0.000552 | Mean Reduce Scatter: 0.000387
Experiment: 475x475x475x475 256 Ax ranks wbp
Mean All Gather: 0.008603 | Mean Computation: 0.642195
Mean All Gather: 0.000221 | Mean Computation: 0.649371 | Mean Reduce Scatter: 0.013503
Experiment: 475x475x475x475 256 ATx ranks wbp
Mean Computation: 0.648604 | Mean Reduce Scatter: 0.040597
Mean All Gather: 0.000620 | Mean Computation: 0.646306 | Mean Reduce Scatter: 0.012345
Experiment: 475x475x475x475 256 Ax ranks rrp
Mean All Gather: 0.008335 | Mean Computation: 0.643305
Mean All Gather: 0.000220 | Mean Computation: 0.648905 | Mean Reduce Scatter: 0.013868
Experiment: 475x475x475x475 256 ATx ranks rrp
Mean Computation: 0.647583 | Mean Reduce Scatter: 0.039842
Mean All Gather: 0.000648 | Mean Computation: 0.646335 | Mean Reduce Scatter: 0.012860
Experiment: 475x475x475x475 256 Ax ranks bcp
Mean All Gather: 0.008202 | Mean Computation: 0.642819
Mean All Gather: 0.008704 | Mean Computation: 0.641552
Experiment: 475x475x475x475 256 ATx ranks bcp
Mean Computation: 0.648289 | Mean Reduce Scatter: 0.040741
Mean Computation: 0.647388 | Mean Reduce Scatter: 0.054728
Experiment: 200x200x1000x1000 256 Ax ranks wbp
Mean All Gather: 0.016490 | Mean Computation: 0.392537 | Mean Reduce Scatter: 0.000974
Mean All Gather: 0.000990 | Mean Computation: 0.507521 | Mean Reduce Scatter: 0.008391
Experiment: 200x200x1000x1000 256 ATx ranks wbp
Mean All Gather: 0.000025 | Mean Computation: 0.407081 | Mean Reduce Scatter: 0.133931
Mean All Gather: 0.000307 | Mean Computation: 0.508772 | Mean Reduce Scatter: 0.019676
Experiment: 200x200x1000x1000 256 Ax ranks rrp
Mean All Gather: 0.018632 | Mean Computation: 0.462634
Mean All Gather: 0.000952 | Mean Computation: 0.507727 | Mean Reduce Scatter: 0.008676
Experiment: 200x200x1000x1000 256 ATx ranks rrp
Mean Computation: 0.483455 | Mean Reduce Scatter: 0.055700
Mean All Gather: 0.000349 | Mean Computation: 0.508966 | Mean Reduce Scatter: 0.019194
Experiment: 200x200x1000x1000 256 Ax ranks bcp
Mean All Gather: 0.019228 | Mean Computation: 0.462645
Mean All Gather: 0.017966 | Mean Computation: 0.392436 | Mean Reduce Scatter: 0.001060
Experiment: 200x200x1000x1000 256 ATx ranks bcp
Mean Computation: 0.483544 | Mean Reduce Scatter: 0.056180
Mean All Gather: 0.000060 | Mean Computation: 0.406753 | Mean Reduce Scatter: 0.134017
Experiment: 1000x1000x200x200 256 Ax ranks wbp
Mean All Gather: 0.001849 | Mean Computation: 0.520627
Mean All Gather: 0.000108 | Mean Computation: 0.522833 | Mean Reduce Scatter: 0.019949
Experiment: 1000x1000x200x200 256 ATx ranks wbp
Mean Computation: 0.520272 | Mean Reduce Scatter: 0.012360
Mean All Gather: 0.002448 | Mean Computation: 0.516014 | Mean Reduce Scatter: 0.009157
Experiment: 1000x1000x200x200 256 Ax ranks rrp
Mean All Gather: 0.001858 | Mean Computation: 0.520681
Mean All Gather: 0.000110 | Mean Computation: 0.522820 | Mean Reduce Scatter: 0.019976
Experiment: 1000x1000x200x200 256 ATx ranks rrp
Mean Computation: 0.520300 | Mean Reduce Scatter: 0.012743
Mean All Gather: 0.002370 | Mean Computation: 0.515830 | Mean Reduce Scatter: 0.008521
Experiment: 1000x1000x200x200 256 Ax ranks bcp
Mean All Gather: 0.001903 | Mean Computation: 0.521197
Mean All Gather: 0.001782 | Mean Computation: 0.520243
Experiment: 1000x1000x200x200 256 ATx ranks bcp
Mean Computation: 0.520315 | Mean Reduce Scatter: 0.012732
Mean Computation: 0.520073 | Mean Reduce Scatter: 0.012756
